<cacheLog time='2017-11-07 11:08:07'>
<hitRatio>
	<tenant id=''>
		<group name='SAAS_TENANT' hit='0' missed='0'>0</group>
	</tenant>
</hitRatio>
</cacheLog>


<cacheLog time='2017-11-07 11:44:50'>
<hitRatio>
	<tenant id=''>
		<group name='SAAS_TENANT' hit='0' missed='0'>0</group>
	</tenant>
</hitRatio>
</cacheLog>


<cacheLog time='2017-11-07 14:10:12'>
<hitRatio>
	<tenant id=''>
		<group name='SAAS_TENANT' hit='0' missed='0'>0</group>
	</tenant>
</hitRatio>
</cacheLog>


<cacheLog time='2017-11-07 14:15:12'>
<hitRatio>
	<tenant id=''>
		<group name='SAAS_TENANT' hit='0' missed='0'>0</group>
	</tenant>
</hitRatio>
</cacheLog>


<cacheLog time='2017-11-07 14:20:12'>
<hitRatio>
	<tenant id=''>
		<group name='SAAS_TENANT' hit='0' missed='0'>0</group>
	</tenant>
</hitRatio>
</cacheLog>


<cacheLog time='2017-11-07 14:25:12'>
<hitRatio>
	<tenant id=''>
		<group name='SAAS_TENANT' hit='0' missed='0'>0</group>
	</tenant>
</hitRatio>
</cacheLog>


<cacheLog time='2017-11-07 14:30:12'>
<hitRatio>
	<tenant id=''>
		<group name='SAAS_TENANT' hit='0' missed='0'>0</group>
	</tenant>
</hitRatio>
</cacheLog>


<cacheLog time='2017-11-07 14:35:12'>
<hitRatio>
	<tenant id=''>
		<group name='SAAS_TENANT' hit='0' missed='0'>0</group>
	</tenant>
</hitRatio>
</cacheLog>


<cacheLog time='2017-11-07 14:40:12'>
<hitRatio>
	<tenant id=''>
		<group name='SAAS_TENANT' hit='0' missed='0'>0</group>
	</tenant>
</hitRatio>
</cacheLog>


<cacheLog time='2017-11-07 14:45:12'>
<hitRatio>
	<tenant id=''>
		<group name='SAAS_TENANT' hit='0' missed='0'>0</group>
	</tenant>
</hitRatio>
</cacheLog>


<cacheLog time='2017-11-07 14:50:12'>
<hitRatio>
	<tenant id=''>
		<group name='SAAS_TENANT' hit='0' missed='0'>0</group>
	</tenant>
</hitRatio>
</cacheLog>


<cacheLog time='2017-11-07 14:55:12'>
<hitRatio>
	<tenant id=''>
		<group name='SAAS_TENANT' hit='0' missed='0'>0</group>
	</tenant>
</hitRatio>
</cacheLog>


<cacheLog time='2017-11-07 15:00:12'>
<hitRatio>
	<tenant id=''>
		<group name='SAAS_TENANT' hit='0' missed='0'>0</group>
	</tenant>
</hitRatio>
</cacheLog>


<cacheLog time='2017-11-07 15:05:12'>
<hitRatio>
	<tenant id=''>
		<group name='SAAS_TENANT' hit='0' missed='0'>0</group>
	</tenant>
</hitRatio>
</cacheLog>


<cacheLog time='2017-11-07 15:10:12'>
<hitRatio>
	<tenant id=''>
		<group name='SAAS_TENANT' hit='0' missed='0'>0</group>
	</tenant>
</hitRatio>
</cacheLog>


<cacheLog time='2017-11-07 15:15:12'>
<hitRatio>
	<tenant id=''>
		<group name='SAAS_TENANT' hit='0' missed='0'>0</group>
	</tenant>
</hitRatio>
</cacheLog>


<cacheLog time='2017-11-07 15:20:12'>
<hitRatio>
	<tenant id=''>
		<group name='SAAS_TENANT' hit='0' missed='0'>0</group>
	</tenant>
</hitRatio>
</cacheLog>


<cacheLog time='2017-11-07 15:25:12'>
<hitRatio>
	<tenant id=''>
		<group name='SAAS_TENANT' hit='0' missed='0'>0</group>
	</tenant>
</hitRatio>
</cacheLog>


<cacheLog time='2017-11-07 15:30:12'>
<hitRatio>
	<tenant id=''>
		<group name='SAAS_TENANT' hit='0' missed='0'>0</group>
	</tenant>
</hitRatio>
</cacheLog>


<cacheLog time='2017-11-07 15:35:12'>
<hitRatio>
	<tenant id=''>
		<group name='SAAS_TENANT' hit='0' missed='0'>0</group>
	</tenant>
</hitRatio>
</cacheLog>


<cacheLog time='2017-11-07 15:40:12'>
<hitRatio>
	<tenant id=''>
		<group name='SAAS_TENANT' hit='0' missed='0'>0</group>
	</tenant>
</hitRatio>
</cacheLog>


<cacheLog time='2017-11-07 15:45:12'>
<hitRatio>
	<tenant id=''>
		<group name='SAAS_TENANT' hit='0' missed='0'>0</group>
	</tenant>
</hitRatio>
</cacheLog>


<cacheLog time='2017-11-07 15:50:12'>
<hitRatio>
	<tenant id=''>
		<group name='SAAS_TENANT' hit='0' missed='0'>0</group>
	</tenant>
</hitRatio>
</cacheLog>


<cacheLog time='2017-11-07 15:55:12'>
<hitRatio>
	<tenant id=''>
		<group name='SAAS_TENANT' hit='0' missed='0'>0</group>
	</tenant>
</hitRatio>
</cacheLog>


<cacheLog time='2017-11-07 16:00:12'>
<hitRatio>
	<tenant id=''>
		<group name='SAAS_TENANT' hit='0' missed='0'>0</group>
	</tenant>
</hitRatio>
</cacheLog>


<cacheLog time='2017-11-07 16:05:12'>
<hitRatio>
	<tenant id=''>
		<group name='SAAS_TENANT' hit='0' missed='0'>0</group>
	</tenant>
</hitRatio>
</cacheLog>


<cacheLog time='2017-11-07 16:10:12'>
<hitRatio>
	<tenant id=''>
		<group name='SAAS_TENANT' hit='0' missed='0'>0</group>
	</tenant>
</hitRatio>
</cacheLog>


